Mon Oct 26 15:52:45 CST 2015
原始数据FEFE68A0A0A0A0A0A0688117AAAA027202410060002D000000D10063006317FF40EC009916
Mon Oct 26 15:55:44 CST 2015
原始数据FEFE68A0A0A0A0A0A0688117AAAA027102460060002D000000D20063006217FF40EC009D16
Mon Oct 26 15:55:53 CST 2015
原始数据FEFE68A0A0A0A0A0A0688117AAAA027302480060002D000000D20064006317FF40EC00A316
Mon Oct 26 15:56:06 CST 2015
原始数据FEFE68A0A0A0A0A0A0688117AAAA027202490060002D000000D00063006317FF40EC00A016
Mon Oct 26 15:59:27 CST 2015
原始数据FEFE68A0A0A0A0A0A0688117AAAA0272024900600041000000D10064006117FF40EC00B416
Mon Oct 26 16:05:25 CST 2015
原始数据FEFE68A0A0A0A0A0A0688117AAAA0276024F0060002D000000D10063006317FF40EC00AB16
Mon Oct 26 16:06:42 CST 2015
原始数据FEFE68A0A0A0A0A0A0688117AAAA0276024E0031002D000000CF0031003017FF40EC001416
Mon Oct 26 16:08:09 CST 2015
原始数据FEFE68A0A0A0A0A0A0688117AAAA0276024E002F002D000000CE0031003117FF40EC001216
Mon Oct 26 16:08:41 CST 2015
原始数据FEFE68A0A0A0A0A0A0688117AAAA0276024E002F002D000000CE0031003117FF40EC001216
Mon Oct 26 16:10:33 CST 2015
原始数据FEFE68A0A0A0A0A0A0688117AAAA0277024F002F002D000000CF0031003017FF40EC001416
Mon Oct 26 16:16:46 CST 2015
原始数据FEFE68A0A0A0A0A0A0688117AAAA02770253002E002D000000CD0031003017FF40EC001516
Mon Oct 26 16:17:50 CST 2015
原始数据FEFE68A0A0A0A0A0A0688117AAAA02760253002E002D000000CE0031003017FF40EC001516
Mon Oct 26 16:26:49 CST 2015
原始数据FEFE68A0A0A0A0A0A0688117AAAA02760258002E002D000000CF0031003117FF40EC001C16
Mon Oct 26 16:28:10 CST 2015
原始数据FEFE68A0A0A0A0A0A0688117AAAA027702590028002D000000CD0028002817FF40EC000416
Mon Oct 26 16:29:42 CST 2015
原始数据FEFE68A0A0A0A0A0A0688117AAAA027702590028002D000000CD0028002817FF40EC000416
Mon Oct 26 16:30:26 CST 2015
原始数据FEFE68A0A0A0A0A0A0688117AAAA027702580028002D000000CD0028002917FF40EC000416
Mon Oct 26 16:30:39 CST 2015
原始数据FEFE68A0A0A0A0A0A0688117AAAA027702580028002D000000CE0028002817FF40EC000416
Mon Oct 26 16:36:53 CST 2015
原始数据FEFE68A0A0A0A0A0A0688117AAAA0277025E0028002F000000CD0028002817FF40EC000B16
Mon Oct 26 16:42:42 CST 2015
原始数据FEFE68A0A0A0A0A0A0688117AAAA027702630028002D000000CD0028002717FF40EC000A16
Mon Oct 26 17:03:13 CST 2015
原始数据FEFE68A0A0A0A0A0A0688117AAAA027B026C0010002D000000CC0012001217FF40EC00D616
Mon Oct 26 17:03:42 CST 2015
原始数据FEFE68A0A0A0A0A0A0688117AAAA027B026D0010002E000000CC0012001217FF40EC00D816
